<?xml version="1.0" encoding="utf-8"?><testsuites name="pytest tests"><testsuite name="pytest" errors="0" failures="2" skipped="0" tests="25" time="33.653" timestamp="2026-08-26T20:29:09.645322+00:00" hostname="agent-env-3e259e1c-ae01-4e47-94e8-5ffe4c548f2c"><testcase classname="tests.test_refactor_core.TestCoreImports" name="test_module_importable[llm_core]" time="0.038" /><testcase classname="tests.test_refactor_core.TestCoreImports" name="test_module_importable[geo_core]" time="2.360" /><testcase classname="tests.test_refactor_core.TestCoreImports" name="test_module_importable[dedup_core]" time="0.001" /><testcase classname="tests.test_refactor_core.TestCoreImports" name="test_module_importable[extract_core]" time="0.023" /><testcase classname="tests.test_refactor_core.TestCoreImports" name="test_module_importable[rag_core]" time="0.001" /><testcase classname="tests.test_refactor_core.TestCoreImports" name="test_module_importable[ml_core]" time="0.001" /><testcase classname="tests.test_refactor_core.TestCoreImports" name="test_module_importable[osm_validate]" time="0.000" /><testcase classname="tests.test_refactor_core.TestDedupCore" name="test_duplicate_same_port_close" time="0.000"><failure message="AssertionError: assert False is True&#10; +  where False = &lt;function is_duplicate at 0xff6c97a97420&gt;({'title': 'Port de Papeete', 'lat': -17.535, 'lon': -149.57}, {'title': 'Papeete Port', 'lat': -17.536, 'lon': -149.571})&#10; +    where &lt;function is_duplicate at 0xff6c97a97420&gt; = &lt;module 'dedup_core' from '/app/backend/dedup_core.py'&gt;.is_duplicate">E   AssertionError: assert False is True
     +  where False = &lt;function is_duplicate at 0xff6c97a97420&gt;({'title': 'Port de Papeete', 'lat': -17.535, 'lon': -149.57}, {'title': 'Papeete Port', 'lat': -17.536, 'lon': -149.571})
     +    where &lt;function is_duplicate at 0xff6c97a97420&gt; = &lt;module 'dedup_core' from '/app/backend/dedup_core.py'&gt;.is_duplicate</failure></testcase><testcase classname="tests.test_refactor_core.TestDedupCore" name="test_not_duplicate_far_and_different" time="0.000" /><testcase classname="tests.test_refactor_core.TestDedupCore" name="test_merge_docs_non_destructive" time="0.000" /><testcase classname="tests.test_refactor_core.TestDedupCore" name="test_deduplicate_list" time="0.000"><failure message="AssertionError: assert 3 == 2&#10; +  where 3 = len([{'title': 'Port de Papeete', 'lat': -17.535, 'lon': -149.57}, {'title': 'Papeete Port', 'lat': -17.536, 'lon': -149.571}, {'title': 'Suva Harbour', 'lat': -18.13, 'lon': 178.42}])">E   AssertionError: assert 3 == 2
     +  where 3 = len([{'title': 'Port de Papeete', 'lat': -17.535, 'lon': -149.57}, {'title': 'Papeete Port', 'lat': -17.536, 'lon': -149.571}, {'title': 'Suva Harbour', 'lat': -18.13, 'lon': 178.42}])</failure></testcase><testcase classname="tests.test_refactor_core.TestDataRegression" name="test_projects_count_and_coords" time="0.659" /><testcase classname="tests.test_refactor_core.TestDataRegression" name="test_poe_zones" time="0.121" /><testcase classname="tests.test_refactor_core.TestDataRegression" name="test_poe_ports_zone_8397" time="0.097" /><testcase classname="tests.test_refactor_core.TestDataRegression" name="test_mongo_counts_baseline" time="0.008" /><testcase classname="tests.test_refactor_core.TestMlStatus" name="test_ml_status" time="5.293" /><testcase classname="tests.test_refactor_core.TestMlStatus" name="test_gatekeeper_marine_text" time="0.304" /><testcase classname="tests.test_refactor_core.TestMlStatus" name="test_gatekeeper_terrestrial_text" time="0.098" /><testcase classname="tests.test_refactor_core.TestMlStatus" name="test_gatekeeper_empty_text_400" time="0.099" /><testcase classname="tests.test_refactor_core.TestNerExport" name="test_export_dataset" time="0.130" /><testcase classname="tests.test_ml_jobs.TestAnomalyScan" name="test_scan_non_destructive" time="3.661" /><testcase classname="tests.test_ml_jobs.TestAnomalyScan" name="test_anomaly_report" time="0.093" /><testcase classname="tests.test_ml_jobs.TestAnomalyScan" name="test_scan_conflict_409" time="3.484" /><testcase classname="tests.test_ml_jobs.TestOsmValidate" name="test_validate_osm_non_destructive" time="6.379" /><testcase classname="tests.test_poe_e2e_8397" name="test_generate_zone_8397_non_destructive" time="10.652" /></testsuite></testsuites>