<?xml version="1.0" encoding="utf-8"?><testsuites name="pytest tests"><testsuite name="pytest" errors="0" failures="0" skipped="0" tests="7" time="4.150" timestamp="2026-08-12T09:59:24.875425+00:00" hostname="agent-env-9a59a524-b6e6-4f02-9bec-6e51e5000cf3"><testcase classname="backend.tests.test_zoom_and_new_features" name="test_categories_shape_and_totals" time="0.265" /><testcase classname="backend.tests.test_zoom_and_new_features" name="test_projects_have_category_group" time="0.498" /><testcase classname="backend.tests.test_zoom_and_new_features" name="test_report_project_invalid_url" time="0.061" /><testcase classname="backend.tests.test_zoom_and_new_features" name="test_report_project_empty_name" time="0.060" /><testcase classname="backend.tests.test_zoom_and_new_features" name="test_report_project_valid_then_lists" time="0.360" /><testcase classname="backend.tests.test_zoom_and_new_features" name="test_settings_saturation_limit_default_and_persist" time="0.302" /><testcase classname="backend.tests.test_zoom_and_new_features" name="test_saturation_bump_triggers_stop_and_reset" time="2.531" /></testsuite></testsuites>