<?xml version="1.0" encoding="utf-8"?><testsuites name="pytest tests"><testsuite name="pytest" errors="0" failures="0" skipped="1" tests="36" time="19.961" timestamp="2026-08-26T22:29:20.701212+00:00" hostname="agent-env-3e259e1c-ae01-4e47-94e8-5ffe4c548f2c"><testcase classname="tests.test_ner_unclos_osm.TestMlNer" name="test_ml_status_ner_model" time="4.952" /><testcase classname="tests.test_ner_unclos_osm.TestMlNer" name="test_ner_extract_port_name" time="0.977" /><testcase classname="tests.test_ner_unclos_osm.TestMlNer" name="test_ner_extract_empty_text" time="0.079" /><testcase classname="tests.test_ner_unclos_osm.TestMlNer" name="test_ner_train_status" time="0.380" /><testcase classname="tests.test_ner_unclos_osm.TestUnclosUnit" name="test_overlapping_claim" time="2.455" /><testcase classname="tests.test_ner_unclos_osm.TestUnclosUnit" name="test_zone_with_poe_returns_none" time="0.000" /><testcase classname="tests.test_ner_unclos_osm.TestUnclosUnit" name="test_joint_and_antarctic_and_uninhabited" time="0.000" /><testcase classname="tests.test_ner_unclos_osm.TestUnclosUnit" name="test_localized_query_fr" time="0.000" /><testcase classname="tests.test_ner_unclos_osm.TestUnclosUnit" name="test_localized_query_multilang" time="0.000" /><testcase classname="tests.test_ner_unclos_osm.TestUnclosApi" name="test_qualify_unclos_endpoint" time="0.143" /><testcase classname="tests.test_ner_unclos_osm.TestUnclosApi" name="test_zones_expose_unclos_only_when_no_poe" time="0.107" /><testcase classname="tests.test_ner_unclos_osm.TestOsmBadges" name="test_ports_expose_osm_properties" time="0.210" /><testcase classname="tests.test_ner_unclos_osm.TestOsmBadges" name="test_validate_osm_status_progressing" time="0.083"><skipped type="pytest.skip" message="tâche Overpass non active (state={'running': False, 'started_at': None, 'finished_at': None, 'progress': 0, 'total': 0, 'results': [], 'logs_tail': [], 'error': None, 'summary': None, 'cancelling': False, 'osm_checked_total': 1171, 'high_confidence_total': 678})">/app/backend/tests/test_ner_unclos_osm.py:173: tâche Overpass non active (state={'running': False, 'started_at': None, 'finished_at': None, 'progress': 0, 'total': 0, 'results': [], 'logs_tail': [], 'error': None, 'summary': None, 'cancelling': False, 'osm_checked_total': 1171, 'high_confidence_total': 678})</skipped></testcase><testcase classname="tests.test_ner_unclos_osm.TestOsmBadges" name="test_osm_checked_total_increasing" time="8.311" /><testcase classname="tests.test_ner_unclos_osm.TestNonDestructive" name="test_counts_unchanged" time="0.004" /><testcase classname="tests.test_ner_unclos_osm.TestNonDestructive" name="test_projects_endpoint_intact" time="0.472" /><testcase classname="tests.test_refactor_core.TestCoreImports" name="test_module_importable[llm_core]" time="0.000" /><testcase classname="tests.test_refactor_core.TestCoreImports" name="test_module_importable[geo_core]" time="0.000" /><testcase classname="tests.test_refactor_core.TestCoreImports" name="test_module_importable[dedup_core]" time="0.000" /><testcase classname="tests.test_refactor_core.TestCoreImports" name="test_module_importable[extract_core]" time="0.000" /><testcase classname="tests.test_refactor_core.TestCoreImports" name="test_module_importable[rag_core]" time="0.000" /><testcase classname="tests.test_refactor_core.TestCoreImports" name="test_module_importable[ml_core]" time="0.001" /><testcase classname="tests.test_refactor_core.TestCoreImports" name="test_module_importable[osm_validate]" time="0.000" /><testcase classname="tests.test_refactor_core.TestDedupCore" name="test_duplicate_same_port_close" time="0.000" /><testcase classname="tests.test_refactor_core.TestDedupCore" name="test_not_duplicate_far_and_different" time="0.000" /><testcase classname="tests.test_refactor_core.TestDedupCore" name="test_merge_docs_non_destructive" time="0.000" /><testcase classname="tests.test_refactor_core.TestDedupCore" name="test_deduplicate_list" time="0.000" /><testcase classname="tests.test_refactor_core.TestDataRegression" name="test_projects_count_and_coords" time="0.600" /><testcase classname="tests.test_refactor_core.TestDataRegression" name="test_poe_zones" time="0.110" /><testcase classname="tests.test_refactor_core.TestDataRegression" name="test_poe_ports_zone_8397" time="0.073" /><testcase classname="tests.test_refactor_core.TestDataRegression" name="test_mongo_counts_baseline" time="0.007" /><testcase classname="tests.test_refactor_core.TestMlStatus" name="test_ml_status" time="0.422" /><testcase classname="tests.test_refactor_core.TestMlStatus" name="test_gatekeeper_marine_text" time="0.182" /><testcase classname="tests.test_refactor_core.TestMlStatus" name="test_gatekeeper_terrestrial_text" time="0.066" /><testcase classname="tests.test_refactor_core.TestMlStatus" name="test_gatekeeper_empty_text_400" time="0.060" /><testcase classname="tests.test_refactor_core.TestNerExport" name="test_export_dataset" time="0.115" /></testsuite></testsuites>