<?xml version="1.0" encoding="utf-8"?><testsuites name="pytest tests"><testsuite name="pytest" errors="0" failures="0" skipped="0" tests="7" time="1.182" timestamp="2026-08-12T09:20:24.931034+00:00" hostname="agent-env-9a59a524-b6e6-4f02-9bec-6e51e5000cf3"><testcase classname="backend.tests.test_import_and_regression" name="test_import_invalid_payload" time="0.190" /><testcase classname="backend.tests.test_import_and_regression" name="test_import_valid_and_dedup" time="0.135" /><testcase classname="backend.tests.test_import_and_regression" name="test_projects_count_and_props" time="0.373" /><testcase classname="backend.tests.test_import_and_regression" name="test_funders_totals" time="0.059" /><testcase classname="backend.tests.test_import_and_regression" name="test_swarm_status" time="0.045" /><testcase classname="backend.tests.test_import_and_regression" name="test_audit_kpis" time="0.063" /><testcase classname="backend.tests.test_import_and_regression" name="test_export_geojson" time="0.252" /></testsuite></testsuites>