<?xml version="1.0" encoding="utf-8"?><testsuites name="pytest tests"><testsuite name="pytest" errors="0" failures="0" skipped="0" tests="16" time="32.635" timestamp="2026-08-26T21:19:19.309523+00:00" hostname="agent-env-3e259e1c-ae01-4e47-94e8-5ffe4c548f2c"><testcase classname="tests.test_ner_unclos_osm.TestMlNer" name="test_ml_status_ner_model" time="11.219" /><testcase classname="tests.test_ner_unclos_osm.TestMlNer" name="test_ner_extract_port_name" time="0.999" /><testcase classname="tests.test_ner_unclos_osm.TestMlNer" name="test_ner_extract_empty_text" time="0.084" /><testcase classname="tests.test_ner_unclos_osm.TestMlNer" name="test_ner_train_status" time="0.292" /><testcase classname="tests.test_ner_unclos_osm.TestUnclosUnit" name="test_overlapping_claim" time="2.470" /><testcase classname="tests.test_ner_unclos_osm.TestUnclosUnit" name="test_zone_with_poe_returns_none" time="0.000" /><testcase classname="tests.test_ner_unclos_osm.TestUnclosUnit" name="test_joint_and_antarctic_and_uninhabited" time="0.000" /><testcase classname="tests.test_ner_unclos_osm.TestUnclosUnit" name="test_localized_query_fr" time="0.000" /><testcase classname="tests.test_ner_unclos_osm.TestUnclosUnit" name="test_localized_query_multilang" time="0.000" /><testcase classname="tests.test_ner_unclos_osm.TestUnclosApi" name="test_qualify_unclos_endpoint" time="0.142" /><testcase classname="tests.test_ner_unclos_osm.TestUnclosApi" name="test_zones_expose_unclos_only_when_no_poe" time="0.124" /><testcase classname="tests.test_ner_unclos_osm.TestOsmBadges" name="test_ports_expose_osm_properties" time="0.172" /><testcase classname="tests.test_ner_unclos_osm.TestOsmBadges" name="test_validate_osm_status_progressing" time="8.188" /><testcase classname="tests.test_ner_unclos_osm.TestOsmBadges" name="test_osm_checked_total_increasing" time="8.277" /><testcase classname="tests.test_ner_unclos_osm.TestNonDestructive" name="test_counts_unchanged" time="0.004" /><testcase classname="tests.test_ner_unclos_osm.TestNonDestructive" name="test_projects_endpoint_intact" time="0.511" /></testsuite></testsuites>