<?xml version="1.0" encoding="utf-8"?><testsuites name="pytest tests"><testsuite name="pytest" errors="0" failures="1" skipped="0" tests="17" time="41.996" timestamp="2026-08-26T22:26:03.786467+00:00" hostname="agent-env-3e259e1c-ae01-4e47-94e8-5ffe4c548f2c"><testcase classname="tests.test_serp_ml_resume.TestMlStatus" name="test_serp_classifier_present" time="24.712" /><testcase classname="tests.test_serp_ml_resume.TestSerpPredict" name="test_official_url_positive" time="0.264" /><testcase classname="tests.test_serp_ml_resume.TestSerpPredict" name="test_touristic_url_negative" time="0.109" /><testcase classname="tests.test_serp_ml_resume.TestSerpPredict" name="test_discriminative[https://www.dps.alaska.gov/ports-of-entry-True]" time="0.099" /><testcase classname="tests.test_serp_ml_resume.TestSerpPredict" name="test_discriminative[https://myblog.wordpress.com/2019/07/sailing-holiday-in-greece-False]" time="0.141" /><testcase classname="tests.test_serp_ml_resume.TestSerpPredict" name="test_missing_url_returns_400" time="0.093" /><testcase classname="tests.test_serp_ml_resume.TestSerpPredict" name="test_blank_url_returns_400" time="0.146" /><testcase classname="tests.test_serp_ml_resume.TestSerpPredict" name="test_train_status_exposes_metrics" time="0.318" /><testcase classname="tests.test_serp_ml_resume.TestSerpTraining" name="test_retrain_completes" time="5.625" /><testcase classname="tests.test_serp_ml_resume.TestSerpTraining" name="test_conflict_when_already_running" time="5.473" /><testcase classname="tests.test_serp_ml_resume.TestSerpTraining" name="test_predict_still_works_after_retrain" time="0.222" /><testcase classname="tests.test_serp_ml_resume.TestRankCandidatesMl" name="test_gov_ranked_before_tripadvisor" time="3.851" /><testcase classname="tests.test_serp_ml_resume.TestRankCandidatesMl" name="test_single_candidate_returned_as_is" time="0.000" /><testcase classname="tests.test_serp_ml_resume.TestRankCandidatesMl" name="test_low_score_dropped_only_with_alternatives" time="0.003" /><testcase classname="tests.test_serp_ml_resume.TestPoeRegression" name="test_zones_count" time="0.198"><failure message="AssertionError: 4&#10;assert 4 == 285&#10; +  where 4 = len({'count': 285, 'summary': {'by_status': {'non_generee': 120, 'ia': 164, 'ia_sans_source': 1}, 'total_ports': 1171}, 'attribution': 'Flanders Marine Institute — Marine Regions, Maritime Boundaries v12 (CC-BY 4.0)', 'items': [{'mrgid': 48947, 'name': 'Abu musa, Greater and Lesser Tunb', 'geoname': 'Overlapping claim Abu musa, Greater and Lesser Tunb: United Arab Emirates / Iran', 'sovereign': 'United Arab Emirates', ...}, {'mrgid': 8463, 'name': 'Alaska', 'geoname': 'United States Exclusive Economic Zone (Alaska)', 'sovereign': 'United States', ...}, {'mrgid': 5670, 'name': 'Albania', 'geoname': 'Albanian Exclusive Economic Zone', 'sovereign': 'Albania', ...}, {'mrgid': 8378, 'name': 'Algeria', 'geoname': 'Algerian Exclusive Economic Zone', 'sovereign': 'Algeria', ...}, {'mrgid': 49001, 'name': 'Alhucemas Islands', 'geoname': 'Overlapping claim Alhucemas Islands: Spain / Morocco', 'sovereign': 'Spain', ...}, {'mrgid': 8444, 'name': 'American Samoa', 'geoname': 'United States Exclusive Economic Zone (American Samoa)', 'sovereign': 'United States', ...}, ...]})">tests/test_serp_ml_resume.py:178: in test_zones_count
    assert len(zones) == 285, len(zones)
E   AssertionError: 4
E   assert 4 == 285
E    +  where 4 = len({'count': 285, 'summary': {'by_status': {'non_generee': 120, 'ia': 164, 'ia_sans_source': 1}, 'total_ports': 1171}, 'attribution': 'Flanders Marine Institute — Marine Regions, Maritime Boundaries v12 (CC-BY 4.0)', 'items': [{'mrgid': 48947, 'name': 'Abu musa, Greater and Lesser Tunb', 'geoname': 'Overlapping claim Abu musa, Greater and Lesser Tunb: United Arab Emirates / Iran', 'sovereign': 'United Arab Emirates', ...}, {'mrgid': 8463, 'name': 'Alaska', 'geoname': 'United States Exclusive Economic Zone (Alaska)', 'sovereign': 'United States', ...}, {'mrgid': 5670, 'name': 'Albania', 'geoname': 'Albanian Exclusive Economic Zone', 'sovereign': 'Albania', ...}, {'mrgid': 8378, 'name': 'Algeria', 'geoname': 'Algerian Exclusive Economic Zone', 'sovereign': 'Algeria', ...}, {'mrgid': 49001, 'name': 'Alhucemas Islands', 'geoname': 'Overlapping claim Alhucemas Islands: Spain / Morocco', 'sovereign': 'Spain', ...}, {'mrgid': 8444, 'name': 'American Samoa', 'geoname': 'United States Exclusive Economic Zone (American Samoa)', 'sovereign': 'United States', ...}, ...]})</failure></testcase><testcase classname="tests.test_serp_ml_resume.TestPoeRegression" name="test_ports_all_osm_validated" time="0.300" /><testcase classname="tests.test_serp_ml_resume.TestPoeRegression" name="test_no_mongo_object_id_leak" time="0.190" /></testsuite></testsuites>