<?xml version="1.0" encoding="utf-8"?><testsuites name="pytest tests"><testsuite name="pytest" errors="0" failures="0" skipped="0" tests="5" time="1.701" timestamp="2026-08-12T09:44:00.662015+00:00" hostname="agent-env-9a59a524-b6e6-4f02-9bec-6e51e5000cf3"><testcase classname="backend.tests.test_donations" name="test_checkout_invalid_package" time="0.222" /><testcase classname="backend.tests.test_donations" name="test_checkout_valid_creates_session_and_record" time="0.782" /><testcase classname="backend.tests.test_donations" name="test_payment_status_pending" time="0.278" /><testcase classname="backend.tests.test_donations" name="test_payment_status_unknown_404" time="0.046" /><testcase classname="backend.tests.test_donations" name="test_donations_total_shape_and_counts_only_paid" time="0.138" /></testsuite></testsuites>