<?xml version="1.0" encoding="utf-8"?><testsuites name="pytest tests"><testsuite name="pytest" errors="0" failures="0" skipped="0" tests="14" time="1.665" timestamp="2026-08-24T19:33:40.787934+00:00" hostname="agent-env-726268f2-0b74-49dd-9e4b-8b45fceaf4ca"><testcase classname="tests.test_iteration10_route_zee.TestRoute" name="test_feature_count" time="0.226" /><testcase classname="tests.test_iteration10_route_zee.TestRoute" name="test_no_out_of_bounds_longitudes" time="0.001" /><testcase classname="tests.test_iteration10_route_zee.TestRoute" name="test_antimeridian_parts_present" time="0.000" /><testcase classname="tests.test_iteration10_route_zee.TestRoute" name="test_no_mongo_id_leak" time="0.002" /><testcase classname="tests.test_iteration10_route_zee.TestZeeCrossings" name="test_summary" time="0.100" /><testcase classname="tests.test_iteration10_route_zee.TestZeeCrossings" name="test_fiji_crossing_present" time="0.000" /><testcase classname="tests.test_iteration10_route_zee.TestZeeCrossings" name="test_no_mongo_id" time="0.001" /><testcase classname="tests.test_iteration10_route_zee.TestReadEndpoints" name="test_get_ok[/api/formalities]" time="0.094" /><testcase classname="tests.test_iteration10_route_zee.TestReadEndpoints" name="test_get_ok[/api/marinas]" time="0.159" /><testcase classname="tests.test_iteration10_route_zee.TestReadEndpoints" name="test_get_ok[/api/anchorages]" time="0.310" /><testcase classname="tests.test_iteration10_route_zee.TestReadEndpoints" name="test_get_ok[/api/swarm/status]" time="0.086" /><testcase classname="tests.test_iteration10_route_zee.TestReadEndpoints" name="test_get_ok[/api/stats]" time="0.096" /><testcase classname="tests.test_iteration10_route_zee.TestReadEndpoints" name="test_anchorages_count" time="0.421" /><testcase classname="tests.test_iteration10_route_zee.TestReadEndpoints" name="test_formalities_territories" time="0.097" /></testsuite></testsuites>