<?xml version="1.0" encoding="utf-8"?><testsuites name="pytest tests"><testsuite name="pytest" errors="0" failures="0" skipped="0" tests="9" time="10.020" timestamp="2026-08-21T10:16:58.699058+00:00" hostname="agent-env-9a59a524-b6e6-4f02-9bec-6e51e5000cf3"><testcase classname="tests.test_mpa_simplify.TestMpaNewCaledonia" name="test_nc_bbox_returns_expected_features" time="3.839" /><testcase classname="tests.test_mpa_simplify.TestMpaNewCaledonia" name="test_nc_bbox_cached_is_fast" time="2.323" /><testcase classname="tests.test_mpa_simplify.TestMpaNewCaledonia" name="test_nc_gzip_wire_size_under_5mb" time="2.071" /><testcase classname="tests.test_mpa_simplify.TestMpaArguinAndValidation" name="test_arguin_bbox_has_lfp" time="1.152" /><testcase classname="tests.test_mpa_simplify.TestMpaArguinAndValidation" name="test_invalid_bbox_400[abc]" time="0.059" /><testcase classname="tests.test_mpa_simplify.TestMpaArguinAndValidation" name="test_invalid_bbox_400[1,2,3]" time="0.058" /><testcase classname="tests.test_mpa_simplify.TestMpaArguinAndValidation" name="test_invalid_bbox_400[]" time="0.062" /><testcase classname="tests.test_mpa_simplify.TestMpaArguinAndValidation" name="test_invalid_bbox_400[1,2,3,x]" time="0.063" /><testcase classname="tests.test_mpa_simplify.TestRegressionProjects" name="test_projects_endpoint" time="0.331" /></testsuite></testsuites>