<?xml version="1.0" encoding="utf-8"?><testsuites name="pytest tests"><testsuite name="pytest" errors="0" failures="1" skipped="0" tests="6" time="76.207" timestamp="2026-08-24T19:01:12.769007+00:00" hostname="agent-env-726268f2-0b74-49dd-9e4b-8b45fceaf4ca"><testcase classname="tests.test_phase8_marinas.TestMarinasCount" name="test_count_shape_and_growth" time="75.373" /><testcase classname="tests.test_phase8_marinas.TestMarinasBuildStatus" name="test_build_status" time="0.077" /><testcase classname="tests.test_phase8_marinas.TestMarinasBuildStatus" name="test_build_post_conflict_while_running" time="0.133" /><testcase classname="tests.test_phase8_marinas.TestMarinasGeoJSON" name="test_feature_collection" time="0.239"><failure message="AssertionError: MongoDB _id leaked&#10;assert '_id' not in &quot;{'type': 'F...18:54:03Z'}}&quot;&#10;  &#10;  '_id' is contained here:&#10;  ?                                                                                                                                                                                                                                                                                                                                                                                                                                                                                                 ^^&#10;    {'type': 'Feature', 'geometry': {'type': 'Point', 'coordinates': [-56.1685818, 46.785375]...&#10;  &#10;  ...Full output truncated (2 lines hidden), use '-vv' to show">tests/test_phase8_marinas.py:81: in test_feature_collection
    assert "_id" not in str(feats[0]), "MongoDB _id leaked"
E   AssertionError: MongoDB _id leaked
E   assert '_id' not in "{'type': 'F...18:54:03Z'}}"
E     
E     '_id' is contained here:
E     ?                                                                                                                                                                                                                                                                                                                                                                                                                                                                                                 ^^
E       {'type': 'Feature', 'geometry': {'type': 'Point', 'coordinates': [-56.1685818, 46.785375]...
E     
E     ...Full output truncated (2 lines hidden), use '-vv' to show</failure></testcase><testcase classname="tests.test_phase8_marinas.TestRegression" name="test_anchorages_count" time="0.117" /><testcase classname="tests.test_phase8_marinas.TestRegression" name="test_zee_crossings" time="0.097" /></testsuite></testsuites>