<?xml version="1.0" encoding="utf-8"?><testsuites name="pytest tests"><testsuite name="pytest" errors="0" failures="1" skipped="0" tests="4" time="20.909" timestamp="2026-08-26T20:27:17.738187+00:00" hostname="agent-env-3e259e1c-ae01-4e47-94e8-5ffe4c548f2c"><testcase classname="tests.test_ml_jobs.TestAnomalyScan" name="test_scan_non_destructive" time="4.582" /><testcase classname="tests.test_ml_jobs.TestAnomalyScan" name="test_anomaly_report" time="0.093"><failure message="AssertionError: {'summary': {'ports_checked': 1171, 'anomalies_flagged': 50, 'previously_flagged_cleared': 0, 'zones': 165, ...}, 'anomalies': [{'id': '5f1c4ec6-a5ef-496a-9fd9-5b5f97eff55c', 'name': 'Dutch Harbor Small Boat Harbor', 'zone': 'Alaska', 'lat': 53.8831064, ...}, {'id': '62103e67-166c-4ce0-8487-c3f1fdfbaee9', 'name': 'Thursday Island', 'zone': 'Australia', 'lat': -10.5786459, ...}, {'id': '0458bc2d-bb63-4544-9ef1-8abbe71a963c', 'name': 'Weipa', 'zone': 'Australia', 'lat': -12.6652161, ...}, {'id': '20f4120f-a5bb-40cd-b230-36cb0bb4d837', 'name': 'Darwin', 'zone': 'Australia', 'lat': -12.4729475, ...}, {'id': '1d416622-8d46-4863-ae74-544a7fc08a6f', 'name': 'Albany', 'zone': 'Australia', 'lat': -35.028019, ...}, {'id': '0345ccd1-704d-4e43-84de-9601c27d47b3', 'name': 'Broome', 'zone': 'Australia', 'lat': -17.9628646, ...}, ...]}&#10;assert 0 &gt;= 1100&#10; +  where 0 = &lt;built-in method get of dict object at 0xfd3b4630cdc0&gt;('ports_checked', 0)&#10; +    where &lt;built-in method get of dict object at 0xfd3b4630cdc0&gt; = {'summary': {'ports_checked': 1171, 'anomalies_flagged': 50, 'previously_flagged_cleared': 0, 'zones': 165, ...}, 'anomalies': [{'id': '5f1c4ec6-a5ef-496a-9fd9-5b5f97eff55c', 'name': 'Dutch Harbor Small Boat Harbor', 'zone': 'Alaska', 'lat': 53.8831064, ...}, {'id': '62103e67-166c-4ce0-8487-c3f1fdfbaee9', 'name': 'Thursday Island', 'zone': 'Australia', 'lat': -10.5786459, ...}, {'id': '0458bc2d-bb63-4544-9ef1-8abbe71a963c', 'name': 'Weipa', 'zone': 'Australia', 'lat': -12.6652161, ...}, {'id': '20f4120f-a5bb-40cd-b230-36cb0bb4d837', 'name': 'Darwin', 'zone': 'Australia', 'lat': -12.4729475, ...}, {'id': '1d416622-8d46-4863-ae74-544a7fc08a6f', 'name': 'Albany', 'zone': 'Australia', 'lat': -35.028019, ...}, {'id': '0345ccd1-704d-4e43-84de-9601c27d47b3', 'name': 'Broome', 'zone': 'Australia', 'lat': -17.9628646, ...}, ...]}.get">tests/test_ml_jobs.py:82: in test_anomaly_report
    assert d.get("ports_checked", 0) &gt;= 1100, d
E   AssertionError: {'summary': {'ports_checked': 1171, 'anomalies_flagged': 50, 'previously_flagged_cleared': 0, 'zones': 165, ...}, 'anomalies': [{'id': '5f1c4ec6-a5ef-496a-9fd9-5b5f97eff55c', 'name': 'Dutch Harbor Small Boat Harbor', 'zone': 'Alaska', 'lat': 53.8831064, ...}, {'id': '62103e67-166c-4ce0-8487-c3f1fdfbaee9', 'name': 'Thursday Island', 'zone': 'Australia', 'lat': -10.5786459, ...}, {'id': '0458bc2d-bb63-4544-9ef1-8abbe71a963c', 'name': 'Weipa', 'zone': 'Australia', 'lat': -12.6652161, ...}, {'id': '20f4120f-a5bb-40cd-b230-36cb0bb4d837', 'name': 'Darwin', 'zone': 'Australia', 'lat': -12.4729475, ...}, {'id': '1d416622-8d46-4863-ae74-544a7fc08a6f', 'name': 'Albany', 'zone': 'Australia', 'lat': -35.028019, ...}, {'id': '0345ccd1-704d-4e43-84de-9601c27d47b3', 'name': 'Broome', 'zone': 'Australia', 'lat': -17.9628646, ...}, ...]}
E   assert 0 &gt;= 1100
E    +  where 0 = &lt;built-in method get of dict object at 0xfd3b4630cdc0&gt;('ports_checked', 0)
E    +    where &lt;built-in method get of dict object at 0xfd3b4630cdc0&gt; = {'summary': {'ports_checked': 1171, 'anomalies_flagged': 50, 'previously_flagged_cleared': 0, 'zones': 165, ...}, 'anomalies': [{'id': '5f1c4ec6-a5ef-496a-9fd9-5b5f97eff55c', 'name': 'Dutch Harbor Small Boat Harbor', 'zone': 'Alaska', 'lat': 53.8831064, ...}, {'id': '62103e67-166c-4ce0-8487-c3f1fdfbaee9', 'name': 'Thursday Island', 'zone': 'Australia', 'lat': -10.5786459, ...}, {'id': '0458bc2d-bb63-4544-9ef1-8abbe71a963c', 'name': 'Weipa', 'zone': 'Australia', 'lat': -12.6652161, ...}, {'id': '20f4120f-a5bb-40cd-b230-36cb0bb4d837', 'name': 'Darwin', 'zone': 'Australia', 'lat': -12.4729475, ...}, {'id': '1d416622-8d46-4863-ae74-544a7fc08a6f', 'name': 'Albany', 'zone': 'Australia', 'lat': -35.028019, ...}, {'id': '0345ccd1-704d-4e43-84de-9601c27d47b3', 'name': 'Broome', 'zone': 'Australia', 'lat': -17.9628646, ...}, ...]}.get</failure></testcase><testcase classname="tests.test_ml_jobs.TestAnomalyScan" name="test_scan_conflict_409" time="3.526" /><testcase classname="tests.test_ml_jobs.TestOsmValidate" name="test_validate_osm_non_destructive" time="12.546" /></testsuite></testsuites>