<?xml version="1.0" encoding="utf-8"?><testsuites name="pytest tests"><testsuite name="pytest" errors="0" failures="0" skipped="1" tests="11" time="1.161" timestamp="2026-08-24T18:30:52.695523+00:00" hostname="agent-env-726268f2-0b74-49dd-9e4b-8b45fceaf4ca"><testcase classname="tests.test_phase8_zee_anchorages.TestZeeCrossings" name="test_crossings_payload" time="0.162" /><testcase classname="tests.test_phase8_zee_anchorages.TestZeeCrossings" name="test_french_only" time="0.098" /><testcase classname="tests.test_phase8_zee_anchorages.TestZeeCrossings" name="test_compute_status" time="0.094" /><testcase classname="tests.test_phase8_zee_anchorages.TestZeeCrossings" name="test_trigger_formalities_idempotent" time="0.113" /><testcase classname="tests.test_phase8_zee_anchorages.TestAnchorages" name="test_anchorages_geojson" time="0.093" /><testcase classname="tests.test_phase8_zee_anchorages.TestAnchorages" name="test_count" time="0.083" /><testcase classname="tests.test_phase8_zee_anchorages.TestAnchorages" name="test_build_status_running" time="0.098" /><testcase classname="tests.test_phase8_zee_anchorages.TestAnchorages" name="test_build_conflict_409" time="0.000"><skipped type="pytest.skip" message="read-only run: POST build would restart real Overpass build">/app/tests/test_phase8_zee_anchorages.py:114: read-only run: POST build would restart real Overpass build</skipped></testcase><testcase classname="tests.test_phase8_zee_anchorages.TestAnchorages" name="test_export_geojson" time="0.081" /><testcase classname="tests.test_phase8_zee_anchorages" name="test_marinas_build_status_idle" time="0.099" /><testcase classname="tests.test_phase8_zee_anchorages" name="test_formalities_13_ia" time="0.099" /></testsuite></testsuites>