<?xml version="1.0" encoding="utf-8"?><testsuites name="pytest tests"><testsuite name="pytest" errors="0" failures="0" skipped="0" tests="19" time="7.589" timestamp="2026-08-26T10:21:12.900725+00:00" hostname="agent-env-3fbf0f2c-bfc4-4a6e-9bdd-33073a5a6b82"><testcase classname="tests.test_poe_api.TestZones" name="test_zones_count_and_summary" time="0.233" /><testcase classname="tests.test_poe_api.TestZones" name="test_zone_item_shape_and_sort" time="0.000" /><testcase classname="tests.test_poe_api.TestZones" name="test_fiji_zone_generated" time="0.000" /><testcase classname="tests.test_poe_api.TestZones" name="test_zones_geojson" time="6.368" /><testcase classname="tests.test_poe_api.TestPorts" name="test_ports_geojson" time="0.070" /><testcase classname="tests.test_poe_api.TestPorts" name="test_ports_filter_by_mrgid" time="0.061" /><testcase classname="tests.test_poe_api.TestPorts" name="test_ports_filter_unknown_mrgid_empty" time="0.076" /><testcase classname="tests.test_poe_api.TestPorts" name="test_export_poe_geojson" time="0.064" /><testcase classname="tests.test_poe_api.TestTaskStatus" name="test_referential_status" time="0.064" /><testcase classname="tests.test_poe_api.TestTaskStatus" name="test_batch_status" time="0.062" /><testcase classname="tests.test_poe_api.TestTaskStatus" name="test_batch_cancel_when_idle" time="0.056" /><testcase classname="tests.test_poe_api.TestTaskStatus" name="test_generate_status_unknown_zone_idle" time="0.058" /><testcase classname="tests.test_poe_api.TestTaskStatus" name="test_generate_unknown_zone_404" time="0.058" /><testcase classname="tests.test_poe_api.TestLegacyRemoved" name="test_get_legacy_404[/api/formalities]" time="0.054" /><testcase classname="tests.test_poe_api.TestLegacyRemoved" name="test_get_legacy_404[/api/territories]" time="0.056" /><testcase classname="tests.test_poe_api.TestLegacyRemoved" name="test_post_zee_trigger_formalities_gone" time="0.055" /><testcase classname="tests.test_poe_api.TestStats" name="test_stats_formalities" time="0.060" /><testcase classname="tests.test_poe_api.TestStats" name="test_stats_other_modes[projects]" time="0.056" /><testcase classname="tests.test_poe_api.TestStats" name="test_stats_other_modes[marinas]" time="0.063" /></testsuite></testsuites>