<?xml version="1.0" encoding="utf-8"?><testsuites name="pytest tests"><testsuite name="pytest" errors="0" failures="0" skipped="0" tests="13" time="1.089" timestamp="2026-08-12T07:57:32.710765+00:00" hostname="agent-env-9a59a524-b6e6-4f02-9bec-6e51e5000cf3"><testcase classname="backend.tests.test_blue_intelligence" name="test_health" time="0.188" /><testcase classname="backend.tests.test_blue_intelligence" name="test_swarm_status_shape" time="0.045" /><testcase classname="backend.tests.test_blue_intelligence" name="test_projects_geojson" time="0.045" /><testcase classname="backend.tests.test_blue_intelligence" name="test_funders" time="0.046" /><testcase classname="backend.tests.test_blue_intelligence" name="test_export_geojson" time="0.045" /><testcase classname="backend.tests.test_blue_intelligence" name="test_stats" time="0.047" /><testcase classname="backend.tests.test_blue_intelligence" name="test_telemetry_list" time="0.045" /><testcase classname="backend.tests.test_blue_intelligence" name="test_failed_list" time="0.044" /><testcase classname="backend.tests.test_blue_intelligence" name="test_settings_defaults" time="0.088" /><testcase classname="backend.tests.test_blue_intelligence" name="test_settings_update_and_persist" time="0.226" /><testcase classname="backend.tests.test_blue_intelligence" name="test_deploy_bad_mode_400" time="0.045" /><testcase classname="backend.tests.test_blue_intelligence" name="test_stop_idle" time="0.047" /><testcase classname="backend.tests.test_blue_intelligence" name="test_manual_en_fr" time="0.086" /></testsuite></testsuites>