<?xml version="1.0" encoding="utf-8"?><testsuites name="pytest tests"><testsuite name="pytest" errors="0" failures="4" skipped="0" tests="20" time="14.986" timestamp="2026-08-26T20:26:03.081922+00:00" hostname="agent-env-3e259e1c-ae01-4e47-94e8-5ffe4c548f2c"><testcase classname="tests.test_refactor_core.TestCoreImports" name="test_module_importable[llm_core]" time="0.041" /><testcase classname="tests.test_refactor_core.TestCoreImports" name="test_module_importable[geo_core]" time="2.653" /><testcase classname="tests.test_refactor_core.TestCoreImports" name="test_module_importable[dedup_core]" time="0.001" /><testcase classname="tests.test_refactor_core.TestCoreImports" name="test_module_importable[extract_core]" time="0.025" /><testcase classname="tests.test_refactor_core.TestCoreImports" name="test_module_importable[rag_core]" time="0.001" /><testcase classname="tests.test_refactor_core.TestCoreImports" name="test_module_importable[ml_core]" time="0.001" /><testcase classname="tests.test_refactor_core.TestCoreImports" name="test_module_importable[osm_validate]" time="0.000" /><testcase classname="tests.test_refactor_core.TestDedupCore" name="test_duplicate_same_port_close" time="0.001"><failure message="AssertionError: assert False is True&#10; +  where False = &lt;function is_duplicate at 0xfd7df7579080&gt;({'title': 'Port de Papeete', 'lat': -17.535, 'lon': -149.57}, {'title': 'Papeete Port', 'lat': -17.536, 'lon': -149.571})&#10; +    where &lt;function is_duplicate at 0xfd7df7579080&gt; = &lt;module 'dedup_core' from '/app/backend/dedup_core.py'&gt;.is_duplicate">tests/test_refactor_core.py:59: in test_duplicate_same_port_close
    assert dedup_core.is_duplicate(a, b) is True
E   AssertionError: assert False is True
E    +  where False = &lt;function is_duplicate at 0xfd7df7579080&gt;({'title': 'Port de Papeete', 'lat': -17.535, 'lon': -149.57}, {'title': 'Papeete Port', 'lat': -17.536, 'lon': -149.571})
E    +    where &lt;function is_duplicate at 0xfd7df7579080&gt; = &lt;module 'dedup_core' from '/app/backend/dedup_core.py'&gt;.is_duplicate</failure></testcase><testcase classname="tests.test_refactor_core.TestDedupCore" name="test_not_duplicate_far_and_different" time="0.000" /><testcase classname="tests.test_refactor_core.TestDedupCore" name="test_merge_docs_non_destructive" time="0.000" /><testcase classname="tests.test_refactor_core.TestDedupCore" name="test_deduplicate_list" time="0.001"><failure message="AssertionError: assert 3 == 2&#10; +  where 3 = len([{'title': 'Port de Papeete', 'lat': -17.535, 'lon': -149.57}, {'title': 'Papeete Port', 'lat': -17.536, 'lon': -149.571}, {'title': 'Suva Harbour', 'lat': -18.13, 'lon': 178.42}])">tests/test_refactor_core.py:83: in test_deduplicate_list
    assert len(out) == 2
E   AssertionError: assert 3 == 2
E    +  where 3 = len([{'title': 'Port de Papeete', 'lat': -17.535, 'lon': -149.57}, {'title': 'Papeete Port', 'lat': -17.536, 'lon': -149.571}, {'title': 'Suva Harbour', 'lat': -18.13, 'lon': 178.42}])</failure></testcase><testcase classname="tests.test_refactor_core.TestDataRegression" name="test_projects_count_and_coords" time="0.706" /><testcase classname="tests.test_refactor_core.TestDataRegression" name="test_poe_zones" time="0.111"><failure message="AssertionError: expected 285 zones, got 4&#10;assert 4 == 285&#10; +  where 4 = len({'count': 285, 'summary': {'by_status': {'non_generee': 120, 'ia': 164, 'ia_sans_source': 1}, 'total_ports': 1171}, 'attribution': 'Flanders Marine Institute — Marine Regions, Maritime Boundaries v12 (CC-BY 4.0)', 'items': [{'mrgid': 48947, 'name': 'Abu musa, Greater and Lesser Tunb', 'geoname': 'Overlapping claim Abu musa, Greater and Lesser Tunb: United Arab Emirates / Iran', 'sovereign': 'United Arab Emirates', ...}, {'mrgid': 8463, 'name': 'Alaska', 'geoname': 'United States Exclusive Economic Zone (Alaska)', 'sovereign': 'United States', ...}, {'mrgid': 5670, 'name': 'Albania', 'geoname': 'Albanian Exclusive Economic Zone', 'sovereign': 'Albania', ...}, {'mrgid': 8378, 'name': 'Algeria', 'geoname': 'Algerian Exclusive Economic Zone', 'sovereign': 'Algeria', ...}, {'mrgid': 49001, 'name': 'Alhucemas Islands', 'geoname': 'Overlapping claim Alhucemas Islands: Spain / Morocco', 'sovereign': 'Spain', ...}, {'mrgid': 8444, 'name': 'American Samoa', 'geoname': 'United States Exclusive Economic Zone (American Samoa)', 'sovereign': 'United States', ...}, ...]})">tests/test_refactor_core.py:105: in test_poe_zones
    assert len(zones) == 285, f"expected 285 zones, got {len(zones)}"
E   AssertionError: expected 285 zones, got 4
E   assert 4 == 285
E    +  where 4 = len({'count': 285, 'summary': {'by_status': {'non_generee': 120, 'ia': 164, 'ia_sans_source': 1}, 'total_ports': 1171}, 'attribution': 'Flanders Marine Institute — Marine Regions, Maritime Boundaries v12 (CC-BY 4.0)', 'items': [{'mrgid': 48947, 'name': 'Abu musa, Greater and Lesser Tunb', 'geoname': 'Overlapping claim Abu musa, Greater and Lesser Tunb: United Arab Emirates / Iran', 'sovereign': 'United Arab Emirates', ...}, {'mrgid': 8463, 'name': 'Alaska', 'geoname': 'United States Exclusive Economic Zone (Alaska)', 'sovereign': 'United States', ...}, {'mrgid': 5670, 'name': 'Albania', 'geoname': 'Albanian Exclusive Economic Zone', 'sovereign': 'Albania', ...}, {'mrgid': 8378, 'name': 'Algeria', 'geoname': 'Algerian Exclusive Economic Zone', 'sovereign': 'Algeria', ...}, {'mrgid': 49001, 'name': 'Alhucemas Islands', 'geoname': 'Overlapping claim Alhucemas Islands: Spain / Morocco', 'sovereign': 'Spain', ...}, {'mrgid': 8444, 'name': 'American Samoa', 'geoname': 'United States Exclusive Economic Zone (American Samoa)', 'sovereign': 'United States', ...}, ...]})</failure></testcase><testcase classname="tests.test_refactor_core.TestDataRegression" name="test_poe_ports_zone_8397" time="0.068" /><testcase classname="tests.test_refactor_core.TestDataRegression" name="test_mongo_counts_baseline" time="0.018" /><testcase classname="tests.test_refactor_core.TestMlStatus" name="test_ml_status" time="10.523" /><testcase classname="tests.test_refactor_core.TestMlStatus" name="test_gatekeeper_marine_text" time="0.229" /><testcase classname="tests.test_refactor_core.TestMlStatus" name="test_gatekeeper_terrestrial_text" time="0.122"><failure message="AssertionError: {'score': 0.2217, 'marine': False}&#10;assert 0.2217 &lt; 0.2&#10; +  where 0.2217 = &lt;built-in method get of dict object at 0xfd7df74fd700&gt;('score', 1)&#10; +    where &lt;built-in method get of dict object at 0xfd7df74fd700&gt; = {'score': 0.2217, 'marine': False}.get">tests/test_refactor_core.py:154: in test_gatekeeper_terrestrial_text
    assert d.get("score", 1) &lt; 0.2, d
E   AssertionError: {'score': 0.2217, 'marine': False}
E   assert 0.2217 &lt; 0.2
E    +  where 0.2217 = &lt;built-in method get of dict object at 0xfd7df74fd700&gt;('score', 1)
E    +    where &lt;built-in method get of dict object at 0xfd7df74fd700&gt; = {'score': 0.2217, 'marine': False}.get</failure></testcase><testcase classname="tests.test_refactor_core.TestMlStatus" name="test_gatekeeper_empty_text_400" time="0.115" /><testcase classname="tests.test_refactor_core.TestNerExport" name="test_export_dataset" time="0.128" /></testsuite></testsuites>